<?xml version="1.0" encoding="UTF-8"?>
<coverage generated="1479981861594" clover="3.2.0">
  <project timestamp="1479981861594" name="All files">
    <metrics statements="21" coveredstatements="21" conditionals="6" coveredconditionals="5" methods="5" coveredmethods="5" elements="32" coveredelements="31" complexity="0" loc="21" ncloc="21" packages="1" files="1" classes="1">
      <file name="index.js" path="/Users/rviering/Projects/github/own_router/router/index.js">
        <metrics statements="21" coveredstatements="21" conditionals="6" coveredconditionals="5" methods="5" coveredmethods="5"/>
        <line num="114" count="1" type="stmt"/>
        <line num="115" count="3" type="stmt"/>
        <line num="117" count="3" type="stmt"/>
        <line num="118" count="7" type="stmt"/>
        <line num="121" count="3" type="stmt"/>
        <line num="122" count="4" type="stmt"/>
        <line num="123" count="4" type="stmt"/>
        <line num="126" count="3" type="stmt"/>
        <line num="127" count="1" type="stmt"/>
        <line num="130" count="3" type="stmt"/>
        <line num="131" count="6" type="stmt"/>
        <line num="132" count="6" type="stmt"/>
        <line num="134" count="6" type="stmt"/>
        <line num="136" count="6" type="stmt"/>
        <line num="137" count="4" type="stmt"/>
        <line num="141" count="3" type="stmt"/>
        <line num="142" count="3" type="stmt"/>
        <line num="143" count="3" type="stmt"/>
        <line num="144" count="3" type="stmt"/>
        <line num="145" count="3" type="stmt"/>
        <line num="148" count="3" type="stmt"/>
      </file>
    </metrics>
  </project>
</coverage>
