{"/Users/reneprivat/Projects/github/router/index.js": {"path":"/Users/reneprivat/Projects/github/router/index.js","statementMap":{"0":{"start":{"line":1,"column":28},"end":{"line":112,"column":1}},"1":{"start":{"line":2,"column":17},"end":{"line":2,"column":26}},"2":{"start":{"line":4,"column":19},"end":{"line":7,"column":3}},"3":{"start":{"line":5,"column":4},"end":{"line":5,"column":38}},"4":{"start":{"line":6,"column":2},"end":{"line":6,"column":29}},"5":{"start":{"line":9,"column":19},"end":{"line":11,"column":2}},"6":{"start":{"line":10,"column":2},"end":{"line":10,"column":32}},"7":{"start":{"line":13,"column":28},"end":{"line":15,"column":3}},"8":{"start":{"line":14,"column":4},"end":{"line":14,"column":28}},"9":{"start":{"line":17,"column":27},"end":{"line":19,"column":2}},"10":{"start":{"line":18,"column":2},"end":{"line":18,"column":51}},"11":{"start":{"line":21,"column":22},"end":{"line":64,"column":2}},"12":{"start":{"line":22,"column":2},"end":{"line":24,"column":3}},"13":{"start":{"line":23,"column":3},"end":{"line":23,"column":55}},"14":{"start":{"line":26,"column":23},"end":{"line":26,"column":45}},"15":{"start":{"line":27,"column":16},"end":{"line":27,"column":31}},"16":{"start":{"line":28,"column":2},"end":{"line":63,"column":52}},"17":{"start":{"line":30,"column":4},"end":{"line":30,"column":38}},"18":{"start":{"line":33,"column":29},"end":{"line":33,"column":44}},"19":{"start":{"line":35,"column":4},"end":{"line":61,"column":5}},"20":{"start":{"line":36,"column":20},"end":{"line":36,"column":22}},"21":{"start":{"line":37,"column":20},"end":{"line":48,"column":7}},"22":{"start":{"line":38,"column":6},"end":{"line":40,"column":7}},"23":{"start":{"line":39,"column":7},"end":{"line":39,"column":19}},"24":{"start":{"line":42,"column":6},"end":{"line":46,"column":7}},"25":{"start":{"line":43,"column":19},"end":{"line":43,"column":21}},"26":{"start":{"line":44,"column":7},"end":{"line":44,"column":76}},"27":{"start":{"line":45,"column":7},"end":{"line":45,"column":26}},"28":{"start":{"line":47,"column":6},"end":{"line":47,"column":26}},"29":{"start":{"line":50,"column":24},"end":{"line":50,"column":68}},"30":{"start":{"line":50,"column":43},"end":{"line":50,"column":54}},"31":{"start":{"line":52,"column":5},"end":{"line":60,"column":6}},"32":{"start":{"line":53,"column":27},"end":{"line":58,"column":12}},"33":{"start":{"line":54,"column":7},"end":{"line":56,"column":10}},"34":{"start":{"line":55,"column":8},"end":{"line":55,"column":29}},"35":{"start":{"line":57,"column":7},"end":{"line":57,"column":18}},"36":{"start":{"line":59,"column":6},"end":{"line":59,"column":70}},"37":{"start":{"line":62,"column":4},"end":{"line":62,"column":15}},"38":{"start":{"line":66,"column":46},"end":{"line":70,"column":2}},"39":{"start":{"line":67,"column":2},"end":{"line":69,"column":3}},"40":{"start":{"line":68,"column":3},"end":{"line":68,"column":61}},"41":{"start":{"line":72,"column":24},"end":{"line":98,"column":3}},"42":{"start":{"line":73,"column":35},"end":{"line":73,"column":38}},"43":{"start":{"line":74,"column":24},"end":{"line":74,"column":46}},"44":{"start":{"line":76,"column":24},"end":{"line":76,"column":49}},"45":{"start":{"line":78,"column":2},"end":{"line":78,"column":69}},"46":{"start":{"line":79,"column":25},"end":{"line":79,"column":133}},"47":{"start":{"line":80,"column":4},"end":{"line":82,"column":5}},"48":{"start":{"line":81,"column":6},"end":{"line":81,"column":56}},"49":{"start":{"line":84,"column":2},"end":{"line":97,"column":3}},"50":{"start":{"line":85,"column":3},"end":{"line":96,"column":4}},"51":{"start":{"line":86,"column":14},"end":{"line":86,"column":34}},"52":{"start":{"line":87,"column":4},"end":{"line":91,"column":6}},"53":{"start":{"line":88,"column":5},"end":{"line":90,"column":6}},"54":{"start":{"line":89,"column":7},"end":{"line":89,"column":50}},"55":{"start":{"line":92,"column":4},"end":{"line":92,"column":46}},"56":{"start":{"line":93,"column":4},"end":{"line":93,"column":15}},"57":{"start":{"line":95,"column":4},"end":{"line":95,"column":70}},"58":{"start":{"line":100,"column":2},"end":{"line":110,"column":3}},"59":{"start":{"line":101,"column":2},"end":{"line":109,"column":3}},"60":{"start":{"line":102,"column":3},"end":{"line":102,"column":59}},"61":{"start":{"line":103,"column":5},"end":{"line":103,"column":58}},"62":{"start":{"line":104,"column":5},"end":{"line":104,"column":55}},"63":{"start":{"line":105,"column":5},"end":{"line":105,"column":52}},"64":{"start":{"line":107,"column":3},"end":{"line":107,"column":53}},"65":{"start":{"line":108,"column":3},"end":{"line":108,"column":47}},"66":{"start":{"line":111,"column":2},"end":{"line":111,"column":29}}},"fnMap":{"0":{"name":"(anonymous_0)","decl":{"start":{"line":1,"column":28},"end":{"line":1,"column":29}},"loc":{"start":{"line":1,"column":45},"end":{"line":112,"column":1}}},"1":{"name":"(anonymous_1)","decl":{"start":{"line":4,"column":19},"end":{"line":4,"column":20}},"loc":{"start":{"line":4,"column":46},"end":{"line":7,"column":3}}},"2":{"name":"(anonymous_2)","decl":{"start":{"line":9,"column":19},"end":{"line":9,"column":20}},"loc":{"start":{"line":9,"column":35},"end":{"line":11,"column":2}}},"3":{"name":"(anonymous_3)","decl":{"start":{"line":13,"column":28},"end":{"line":13,"column":29}},"loc":{"start":{"line":13,"column":39},"end":{"line":15,"column":3}}},"4":{"name":"(anonymous_4)","decl":{"start":{"line":17,"column":27},"end":{"line":17,"column":28}},"loc":{"start":{"line":17,"column":33},"end":{"line":19,"column":2}}},"5":{"name":"(anonymous_5)","decl":{"start":{"line":21,"column":22},"end":{"line":21,"column":23}},"loc":{"start":{"line":21,"column":39},"end":{"line":64,"column":2}}},"6":{"name":"(anonymous_6)","decl":{"start":{"line":29,"column":11},"end":{"line":29,"column":12}},"loc":{"start":{"line":29,"column":23},"end":{"line":31,"column":4}}},"7":{"name":"(anonymous_7)","decl":{"start":{"line":32,"column":11},"end":{"line":32,"column":12}},"loc":{"start":{"line":32,"column":26},"end":{"line":63,"column":4}}},"8":{"name":"(anonymous_8)","decl":{"start":{"line":37,"column":41},"end":{"line":37,"column":42}},"loc":{"start":{"line":37,"column":62},"end":{"line":48,"column":6}}},"9":{"name":"(anonymous_9)","decl":{"start":{"line":50,"column":38},"end":{"line":50,"column":39}},"loc":{"start":{"line":50,"column":43},"end":{"line":50,"column":54}}},"10":{"name":"(anonymous_10)","decl":{"start":{"line":53,"column":41},"end":{"line":53,"column":42}},"loc":{"start":{"line":53,"column":56},"end":{"line":58,"column":7}}},"11":{"name":"(anonymous_11)","decl":{"start":{"line":54,"column":33},"end":{"line":54,"column":34}},"loc":{"start":{"line":54,"column":40},"end":{"line":56,"column":8}}},"12":{"name":"(anonymous_12)","decl":{"start":{"line":66,"column":46},"end":{"line":66,"column":47}},"loc":{"start":{"line":66,"column":79},"end":{"line":70,"column":2}}},"13":{"name":"(anonymous_13)","decl":{"start":{"line":72,"column":24},"end":{"line":72,"column":25}},"loc":{"start":{"line":72,"column":30},"end":{"line":98,"column":3}}},"14":{"name":"(anonymous_14)","decl":{"start":{"line":87,"column":29},"end":{"line":87,"column":30}},"loc":{"start":{"line":87,"column":41},"end":{"line":91,"column":5}}}},"branchMap":{"0":{"loc":{"start":{"line":22,"column":2},"end":{"line":24,"column":3}},"type":"if","locations":[{"start":{"line":22,"column":2},"end":{"line":24,"column":3}},{"start":{"line":22,"column":2},"end":{"line":24,"column":3}}]},"1":{"loc":{"start":{"line":35,"column":4},"end":{"line":61,"column":5}},"type":"if","locations":[{"start":{"line":35,"column":4},"end":{"line":61,"column":5}},{"start":{"line":35,"column":4},"end":{"line":61,"column":5}}]},"2":{"loc":{"start":{"line":38,"column":6},"end":{"line":40,"column":7}},"type":"if","locations":[{"start":{"line":38,"column":6},"end":{"line":40,"column":7}},{"start":{"line":38,"column":6},"end":{"line":40,"column":7}}]},"3":{"loc":{"start":{"line":42,"column":6},"end":{"line":46,"column":7}},"type":"if","locations":[{"start":{"line":42,"column":6},"end":{"line":46,"column":7}},{"start":{"line":42,"column":6},"end":{"line":46,"column":7}}]},"4":{"loc":{"start":{"line":52,"column":5},"end":{"line":60,"column":6}},"type":"if","locations":[{"start":{"line":52,"column":5},"end":{"line":60,"column":6}},{"start":{"line":52,"column":5},"end":{"line":60,"column":6}}]},"5":{"loc":{"start":{"line":67,"column":2},"end":{"line":69,"column":3}},"type":"if","locations":[{"start":{"line":67,"column":2},"end":{"line":69,"column":3}},{"start":{"line":67,"column":2},"end":{"line":69,"column":3}}]},"6":{"loc":{"start":{"line":67,"column":5},"end":{"line":67,"column":71}},"type":"binary-expr","locations":[{"start":{"line":67,"column":5},"end":{"line":67,"column":25}},{"start":{"line":67,"column":29},"end":{"line":67,"column":71}}]},"7":{"loc":{"start":{"line":79,"column":25},"end":{"line":79,"column":133}},"type":"cond-expr","locations":[{"start":{"line":79,"column":62},"end":{"line":79,"column":96}},{"start":{"line":79,"column":99},"end":{"line":79,"column":133}}]},"8":{"loc":{"start":{"line":80,"column":4},"end":{"line":82,"column":5}},"type":"if","locations":[{"start":{"line":80,"column":4},"end":{"line":82,"column":5}},{"start":{"line":80,"column":4},"end":{"line":82,"column":5}}]},"9":{"loc":{"start":{"line":84,"column":2},"end":{"line":97,"column":3}},"type":"if","locations":[{"start":{"line":84,"column":2},"end":{"line":97,"column":3}},{"start":{"line":84,"column":2},"end":{"line":97,"column":3}}]},"10":{"loc":{"start":{"line":85,"column":3},"end":{"line":96,"column":4}},"type":"if","locations":[{"start":{"line":85,"column":3},"end":{"line":96,"column":4}},{"start":{"line":85,"column":3},"end":{"line":96,"column":4}}]},"11":{"loc":{"start":{"line":88,"column":5},"end":{"line":90,"column":6}},"type":"if","locations":[{"start":{"line":88,"column":5},"end":{"line":90,"column":6}},{"start":{"line":88,"column":5},"end":{"line":90,"column":6}}]},"12":{"loc":{"start":{"line":100,"column":2},"end":{"line":110,"column":3}},"type":"if","locations":[{"start":{"line":100,"column":2},"end":{"line":110,"column":3}},{"start":{"line":100,"column":2},"end":{"line":110,"column":3}}]},"13":{"loc":{"start":{"line":101,"column":2},"end":{"line":109,"column":3}},"type":"if","locations":[{"start":{"line":101,"column":2},"end":{"line":109,"column":3}},{"start":{"line":101,"column":2},"end":{"line":109,"column":3}}]}},"s":{"0":1,"1":3,"2":3,"3":3,"4":3,"5":3,"6":0,"7":3,"8":0,"9":3,"10":6,"11":3,"12":5,"13":3,"14":2,"15":2,"16":2,"17":2,"18":0,"19":0,"20":0,"21":0,"22":0,"23":0,"24":0,"25":0,"26":0,"27":0,"28":0,"29":0,"30":0,"31":0,"32":0,"33":0,"34":0,"35":0,"36":0,"37":0,"38":3,"39":0,"40":0,"41":3,"42":5,"43":5,"44":5,"45":5,"46":5,"47":5,"48":1,"49":5,"50":0,"51":0,"52":0,"53":0,"54":0,"55":0,"56":0,"57":0,"58":3,"59":3,"60":3,"61":3,"62":3,"63":3,"64":0,"65":0,"66":3},"f":{"0":3,"1":3,"2":0,"3":0,"4":6,"5":5,"6":2,"7":0,"8":0,"9":0,"10":0,"11":0,"12":0,"13":5,"14":0},"b":{"0":[3,2],"1":[0,0],"2":[0,0],"3":[0,0],"4":[0,0],"5":[0,0],"6":[0,0],"7":[1,4],"8":[1,4],"9":[0,5],"10":[0,0],"11":[0,0],"12":[3,0],"13":[3,0]},"_coverageSchema":"332fd63041d2c1bcb487cc26dd0d5f7d97098a6c","hash":"2f8e97480da4f0724c1a7d9eac9fe5162bef4e77"}
}
