{"/Users/rviering/Projects/github/own_router/router/index.js": {"path":"/Users/rviering/Projects/github/own_router/router/index.js","statementMap":{"0":{"start":{"line":114,"column":28},"end":{"line":149,"column":1}},"1":{"start":{"line":115,"column":14},"end":{"line":115,"column":23}},"2":{"start":{"line":117,"column":25},"end":{"line":119,"column":2}},"3":{"start":{"line":118,"column":2},"end":{"line":118,"column":33}},"4":{"start":{"line":121,"column":18},"end":{"line":124,"column":2}},"5":{"start":{"line":122,"column":2},"end":{"line":122,"column":36}},"6":{"start":{"line":123,"column":2},"end":{"line":123,"column":27}},"7":{"start":{"line":126,"column":19},"end":{"line":128,"column":2}},"8":{"start":{"line":127,"column":2},"end":{"line":127,"column":32}},"9":{"start":{"line":130,"column":23},"end":{"line":139,"column":2}},"10":{"start":{"line":131,"column":33},"end":{"line":131,"column":36}},"11":{"start":{"line":132,"column":22},"end":{"line":132,"column":44}},"12":{"start":{"line":134,"column":23},"end":{"line":134,"column":109}},"13":{"start":{"line":136,"column":2},"end":{"line":138,"column":3}},"14":{"start":{"line":137,"column":3},"end":{"line":137,"column":18}},"15":{"start":{"line":141,"column":1},"end":{"line":146,"column":2}},"16":{"start":{"line":142,"column":2},"end":{"line":142,"column":58}},"17":{"start":{"line":143,"column":2},"end":{"line":143,"column":55}},"18":{"start":{"line":144,"column":2},"end":{"line":144,"column":52}},"19":{"start":{"line":145,"column":2},"end":{"line":145,"column":49}},"20":{"start":{"line":148,"column":1},"end":{"line":148,"column":26}}},"fnMap":{"0":{"name":"(anonymous_0)","decl":{"start":{"line":114,"column":28},"end":{"line":114,"column":29}},"loc":{"start":{"line":114,"column":34},"end":{"line":149,"column":1}}},"1":{"name":"(anonymous_1)","decl":{"start":{"line":117,"column":25},"end":{"line":117,"column":26}},"loc":{"start":{"line":117,"column":31},"end":{"line":119,"column":2}}},"2":{"name":"(anonymous_2)","decl":{"start":{"line":121,"column":18},"end":{"line":121,"column":19}},"loc":{"start":{"line":121,"column":45},"end":{"line":124,"column":2}}},"3":{"name":"(anonymous_3)","decl":{"start":{"line":126,"column":19},"end":{"line":126,"column":20}},"loc":{"start":{"line":126,"column":35},"end":{"line":128,"column":2}}},"4":{"name":"(anonymous_4)","decl":{"start":{"line":130,"column":23},"end":{"line":130,"column":24}},"loc":{"start":{"line":130,"column":29},"end":{"line":139,"column":2}}}},"branchMap":{"0":{"loc":{"start":{"line":134,"column":23},"end":{"line":134,"column":109}},"type":"cond-expr","locations":[{"start":{"line":134,"column":49},"end":{"line":134,"column":72}},{"start":{"line":134,"column":75},"end":{"line":134,"column":109}}]},"1":{"loc":{"start":{"line":136,"column":2},"end":{"line":138,"column":3}},"type":"if","locations":[{"start":{"line":136,"column":2},"end":{"line":138,"column":3}},{"start":{"line":136,"column":2},"end":{"line":138,"column":3}}]},"2":{"loc":{"start":{"line":141,"column":1},"end":{"line":146,"column":2}},"type":"if","locations":[{"start":{"line":141,"column":1},"end":{"line":146,"column":2}},{"start":{"line":141,"column":1},"end":{"line":146,"column":2}}]}},"s":{"0":1,"1":3,"2":3,"3":7,"4":3,"5":4,"6":4,"7":3,"8":1,"9":3,"10":6,"11":6,"12":6,"13":6,"14":4,"15":3,"16":3,"17":3,"18":3,"19":3,"20":3},"f":{"0":3,"1":7,"2":4,"3":1,"4":6},"b":{"0":[3,3],"1":[4,2],"2":[3,0]},"_coverageSchema":"332fd63041d2c1bcb487cc26dd0d5f7d97098a6c","hash":"ea0f6bf547d286c200a963fcf5788f5228279487"}
}
