TN:
SF:/Users/reneprivat/Projects/github/router/index.js
FN:1,(anonymous_0)
FN:4,(anonymous_1)
FN:9,(anonymous_2)
FN:13,(anonymous_3)
FN:17,(anonymous_4)
FN:21,(anonymous_5)
FN:29,(anonymous_6)
FN:32,(anonymous_7)
FN:37,(anonymous_8)
FN:50,(anonymous_9)
FN:53,(anonymous_10)
FN:54,(anonymous_11)
FN:66,(anonymous_12)
FN:72,(anonymous_13)
FN:87,(anonymous_14)
FNF:15
FNH:6
FNDA:3,(anonymous_0)
FNDA:3,(anonymous_1)
FNDA:0,(anonymous_2)
FNDA:0,(anonymous_3)
FNDA:6,(anonymous_4)
FNDA:5,(anonymous_5)
FNDA:2,(anonymous_6)
FNDA:0,(anonymous_7)
FNDA:0,(anonymous_8)
FNDA:0,(anonymous_9)
FNDA:0,(anonymous_10)
FNDA:0,(anonymous_11)
FNDA:0,(anonymous_12)
FNDA:5,(anonymous_13)
FNDA:0,(anonymous_14)
DA:1,1
DA:2,3
DA:4,3
DA:5,3
DA:6,3
DA:9,3
DA:10,0
DA:13,3
DA:14,0
DA:17,3
DA:18,6
DA:21,3
DA:22,5
DA:23,3
DA:26,2
DA:27,2
DA:28,2
DA:30,2
DA:33,0
DA:35,0
DA:36,0
DA:37,0
DA:38,0
DA:39,0
DA:42,0
DA:43,0
DA:44,0
DA:45,0
DA:47,0
DA:50,0
DA:52,0
DA:53,0
DA:54,0
DA:55,0
DA:57,0
DA:59,0
DA:62,0
DA:66,3
DA:67,0
DA:68,0
DA:72,3
DA:73,5
DA:74,5
DA:76,5
DA:78,5
DA:79,5
DA:80,5
DA:81,1
DA:84,5
DA:85,0
DA:86,0
DA:87,0
DA:88,0
DA:89,0
DA:92,0
DA:93,0
DA:95,0
DA:100,3
DA:101,3
DA:102,3
DA:103,3
DA:104,3
DA:105,3
DA:107,0
DA:108,0
DA:111,3
LF:66
LH:33
BRDA:22,0,0,3
BRDA:22,0,1,2
BRDA:35,1,0,0
BRDA:35,1,1,0
BRDA:38,2,0,0
BRDA:38,2,1,0
BRDA:42,3,0,0
BRDA:42,3,1,0
BRDA:52,4,0,0
BRDA:52,4,1,0
BRDA:67,5,0,0
BRDA:67,5,1,0
BRDA:67,6,0,0
BRDA:67,6,1,0
BRDA:79,7,0,1
BRDA:79,7,1,4
BRDA:80,8,0,1
BRDA:80,8,1,4
BRDA:84,9,0,0
BRDA:84,9,1,5
BRDA:85,10,0,0
BRDA:85,10,1,0
BRDA:88,11,0,0
BRDA:88,11,1,0
BRDA:100,12,0,3
BRDA:100,12,1,0
BRDA:101,13,0,3
BRDA:101,13,1,0
BRF:28
BRH:9
end_of_record
