TN:
SF:/Users/rviering/Projects/github/own_router/router/index.js
FN:114,(anonymous_0)
FN:117,(anonymous_1)
FN:121,(anonymous_2)
FN:126,(anonymous_3)
FN:130,(anonymous_4)
FNF:5
FNH:5
FNDA:3,(anonymous_0)
FNDA:7,(anonymous_1)
FNDA:4,(anonymous_2)
FNDA:1,(anonymous_3)
FNDA:6,(anonymous_4)
DA:114,1
DA:115,3
DA:117,3
DA:118,7
DA:121,3
DA:122,4
DA:123,4
DA:126,3
DA:127,1
DA:130,3
DA:131,6
DA:132,6
DA:134,6
DA:136,6
DA:137,4
DA:141,3
DA:142,3
DA:143,3
DA:144,3
DA:145,3
DA:148,3
LF:21
LH:21
BRDA:134,0,0,3
BRDA:134,0,1,3
BRDA:136,1,0,4
BRDA:136,1,1,2
BRDA:141,2,0,3
BRDA:141,2,1,0
BRF:6
BRH:5
end_of_record
